[13:42:02] [main/INFO] (FabricLoader/GameProvider) Loading Minecraft 1.21 with Fabric Loader 0.16.9
[13:42:02] [main/INFO] (FabricLoader) Loading 55 mods:
	- bb 1.0
	- fabric-api 0.102.0+1.21
	- fabric-api-base 0.4.42+6573ed8cd1
	- fabric-api-lookup-api-v1 1.6.68+b5597344d1
	- fabric-biome-api-v1 13.0.29+5bd9f1bcd1
	- fabric-block-api-v1 1.0.22+0af3f5a7d1
	- fabric-block-view-api-v2 1.0.10+6573ed8cd1
	- fabric-blockrenderlayer-v1 1.1.52+0af3f5a7d1
	- fabric-client-tags-api-v1 1.1.15+6573ed8cd1
	- fabric-command-api-v1 1.2.49+f71b366fd1
	- fabric-command-api-v2 2.2.28+6ced4dd9d1
	- fabric-commands-v0 0.2.66+df3654b3d1
	- fabric-content-registries-v0 8.0.16+b5597344d1
	- fabric-convention-tags-v1 2.0.19+7f945d5bd1
	- fabric-convention-tags-v2 2.5.0+c5e2b5c6d1
	- fabric-crash-report-info-v1 0.2.29+0af3f5a7d1
	- fabric-data-attachment-api-v1 1.1.27+6a6dfa19d1
	- fabric-data-generation-api-v1 20.2.16+16c4ae25d1
	- fabric-dimensions-v1 4.0.0+6fc22b99d1
	- fabric-entity-events-v1 1.6.12+6fc22b99d1
	- fabric-events-interaction-v0 0.7.12+ba9dae06d1
	- fabric-game-rule-api-v1 1.0.53+6ced4dd9d1
	- fabric-gametest-api-v1 2.0.4+6fc22b99d1
	- fabric-item-api-v1 11.0.0+afdfc921d1
	- fabric-item-group-api-v1 4.1.4+78017270d1
	- fabric-key-binding-api-v1 1.0.47+0af3f5a7d1
	- fabric-keybindings-v0 0.2.45+df3654b3d1
	- fabric-lifecycle-events-v1 2.3.12+6c1df360d1
	- fabric-loot-api-v2 3.0.14+3f89f5a5d1
	- fabric-loot-api-v3 1.0.2+3f89f5a5d1
	- fabric-message-api-v1 6.0.13+6573ed8cd1
	- fabric-model-loading-api-v1 2.0.0+fe474d6bd1
	- fabric-networking-api-v1 4.2.2+60c3209bd1
	- fabric-object-builder-api-v1 15.2.0+a551f7a4d1
	- fabric-particles-v1 4.0.2+6573ed8cd1
	- fabric-recipe-api-v1 5.0.12+65089712d1
	- fabric-registry-sync-v0 5.1.2+60c3209bd1
	- fabric-renderer-api-v1 3.4.0+c705a49cd1
	- fabric-renderer-indigo 1.7.0+c705a49cd1
	- fabric-renderer-registries-v1 3.2.68+df3654b3d1
	- fabric-rendering-data-attachment-v1 0.3.48+73761d2ed1
	- fabric-rendering-fluids-v1 3.1.6+b5597344d1
	- fabric-rendering-v0 1.1.71+df3654b3d1
	- fabric-rendering-v1 5.0.5+df16efd0d1
	- fabric-resource-conditions-api-v1 4.3.0+8dc279b1d1
	- fabric-resource-loader-v0 1.3.0+56599129d1
	- fabric-screen-api-v1 2.0.24+b5597344d1
	- fabric-screen-handler-api-v1 1.3.86+b5597344d1
	- fabric-sound-api-v1 1.0.23+6573ed8cd1
	- fabric-transfer-api-v1 5.1.16+3dccd343d1
	- fabric-transitive-access-wideners-v1 6.1.0+176f9036d1
	- fabricloader 0.16.9
	- java 21
	- minecraft 1.21
	- mixinextras 0.4.1
[13:42:03] [main/INFO] (FabricLoader/Mixin) SpongePowered MIXIN Subsystem Version=0.8.7 Source=file:/E:/.gradle/caches/modules-2/files-2.1/net.fabricmc/sponge-mixin/0.15.4+mixin.0.8.7/6a12aacc794f1078458433116e9ed42c1cc98096/sponge-mixin-0.15.4+mixin.0.8.7.jar Service=Knot/Fabric Env=CLIENT
[13:42:03] [main/INFO] (FabricLoader/Mixin) Loaded Fabric development mappings for mixin remapper!
[13:42:03] [main/INFO] (FabricLoader/Mixin) Compatibility level set to JAVA_17
[13:42:03] [main/INFO] (FabricLoader/Mixin) Compatibility level set to JAVA_21
[13:42:05] [main/INFO] (FabricLoader/MixinExtras|Service) Initializing MixinExtras via com.llamalad7.mixinextras.service.MixinExtrasServiceImpl(version=0.4.1).
[13:42:06] [Datafixer Bootstrap/INFO] (Minecraft) 226 Datafixer optimizations took 413 milliseconds
[13:42:16] [Render thread/INFO] (Minecraft) Environment: Environment[sessionHost=https://sessionserver.mojang.com, servicesHost=https://api.minecraftservices.com, name=PROD]
[13:42:16] [Render thread/INFO] (Minecraft) Setting user: Player205
[13:42:17] [Render thread/INFO] (Indigo) [Indigo] Registering Indigo renderer!
[13:42:18] [Render thread/INFO] (Minecraft) Backend library: LWJGL version 3.3.3-snapshot
[13:42:21] [Render thread/INFO] (Minecraft) Reloading ResourceManager: vanilla, fabric, fabric-api, fabric-api-base, fabric-api-lookup-api-v1, fabric-biome-api-v1, fabric-block-api-v1, fabric-block-view-api-v2, fabric-blockrenderlayer-v1, fabric-client-tags-api-v1, fabric-command-api-v1, fabric-command-api-v2, fabric-commands-v0, fabric-content-registries-v0, fabric-convention-tags-v1, fabric-convention-tags-v2, fabric-crash-report-info-v1, fabric-data-attachment-api-v1, fabric-data-generation-api-v1, fabric-dimensions-v1, fabric-entity-events-v1, fabric-events-interaction-v0, fabric-game-rule-api-v1, fabric-gametest-api-v1, fabric-item-api-v1, fabric-item-group-api-v1, fabric-key-binding-api-v1, fabric-keybindings-v0, fabric-lifecycle-events-v1, fabric-loot-api-v2, fabric-loot-api-v3, fabric-message-api-v1, fabric-model-loading-api-v1, fabric-networking-api-v1, fabric-object-builder-api-v1, fabric-particles-v1, fabric-recipe-api-v1, fabric-registry-sync-v0, fabric-renderer-api-v1, fabric-renderer-indigo, fabric-renderer-registries-v1, fabric-rendering-data-attachment-v1, fabric-rendering-fluids-v1, fabric-rendering-v0, fabric-rendering-v1, fabric-resource-conditions-api-v1, fabric-resource-loader-v0, fabric-screen-api-v1, fabric-screen-handler-api-v1, fabric-sound-api-v1, fabric-transfer-api-v1, fabric-transitive-access-wideners-v1, fabricloader
[13:42:21] [Worker-Main-5/INFO] (Minecraft) Found unifont_all_no_pua-15.1.05.hex, loading
[13:42:22] [Worker-Main-6/INFO] (Minecraft) Found unifont_jp_patch-15.1.05.hex, loading
[13:42:24] [Render thread/WARN] (Minecraft) Missing sound for event: minecraft:item.goat_horn.play
[13:42:24] [Render thread/WARN] (Minecraft) Missing sound for event: minecraft:entity.goat.screaming.horn_break
[13:42:24] [Render thread/INFO] (Minecraft) OpenAL initialized on device OpenAL Soft on ÑïÉùÆ÷ (Realtek High Definition Audio)
[13:42:24] [Render thread/INFO] (Minecraft) Sound engine started
[13:42:24] [Render thread/INFO] (Minecraft) Created: 1024x512x4 minecraft:textures/atlas/blocks.png-atlas
[13:42:25] [Render thread/INFO] (Minecraft) Created: 256x256x4 minecraft:textures/atlas/signs.png-atlas
[13:42:25] [Render thread/INFO] (Minecraft) Created: 512x512x4 minecraft:textures/atlas/shield_patterns.png-atlas
[13:42:25] [Render thread/INFO] (Minecraft) Created: 512x512x4 minecraft:textures/atlas/banner_patterns.png-atlas
[13:42:25] [Render thread/INFO] (Minecraft) Created: 1024x1024x4 minecraft:textures/atlas/armor_trims.png-atlas
[13:42:27] [Render thread/INFO] (Minecraft) Created: 128x64x4 minecraft:textures/atlas/decorated_pot.png-atlas
[13:42:27] [Render thread/INFO] (Minecraft) Created: 256x256x4 minecraft:textures/atlas/chest.png-atlas
[13:42:27] [Render thread/INFO] (Minecraft) Created: 512x256x4 minecraft:textures/atlas/shulker_boxes.png-atlas
[13:42:27] [Render thread/INFO] (Minecraft) Created: 512x256x4 minecraft:textures/atlas/beds.png-atlas
[13:42:27] [Render thread/INFO] (Minecraft) Created: 512x256x0 minecraft:textures/atlas/particles.png-atlas
[13:42:27] [Render thread/INFO] (Minecraft) Created: 512x256x0 minecraft:textures/atlas/paintings.png-atlas
[13:42:27] [Render thread/INFO] (Minecraft) Created: 256x128x0 minecraft:textures/atlas/mob_effects.png-atlas
[13:42:27] [Render thread/INFO] (Minecraft) Created: 64x64x0 minecraft:textures/atlas/map_decorations.png-atlas
[13:42:27] [Render thread/INFO] (Minecraft) Created: 1024x512x0 minecraft:textures/atlas/gui.png-atlas
[13:42:28] [Render thread/WARN] (Minecraft) Shader rendertype_entity_translucent_emissive could not find sampler named Sampler2 in the specified shader program.
[13:42:42] [Render thread/INFO] (Minecraft) Loaded 1290 recipes
[13:42:42] [Render thread/INFO] (Minecraft) Loaded 1399 advancements
[13:43:04] [Render thread/INFO] (BiomeModificationImpl) Applied 0 biome modifications to 0 of 64 new biomes in 1.312 ms
[13:43:04] [Server thread/INFO] (Minecraft) Starting integrated minecraft server version 1.21
[13:43:04] [Server thread/INFO] (Minecraft) Generating keypair
[13:43:08] [Server thread/INFO] (Minecraft) Preparing start region for dimension minecraft:overworld
[13:43:08] [Render thread/INFO] (Minecraft) Preparing spawn area: 2%
[13:43:08] [Render thread/INFO] (Minecraft) Preparing spawn area: 2%
[13:43:09] [Render thread/INFO] (Minecraft) Preparing spawn area: 2%
[13:43:09] [Render thread/INFO] (Minecraft) Preparing spawn area: 18%
[13:43:10] [Render thread/INFO] (Minecraft) Preparing spawn area: 20%
[13:43:10] [Render thread/INFO] (Minecraft) Preparing spawn area: 51%
[13:43:11] [Render thread/INFO] (Minecraft) Preparing spawn area: 51%
[13:43:11] [Render thread/INFO] (Minecraft) Time elapsed: 3293 ms
[13:43:11] [Server thread/INFO] (Minecraft) Changing view distance to 12, from 10
[13:43:11] [Server thread/INFO] (Minecraft) Changing simulation distance to 12, from 0
[13:43:12] [Server thread/INFO] (Minecraft) Player205[local:E:d8634e02] logged in with entity id 11 at (-29.5, 70.0, -81.5)
[13:43:12] [Server thread/INFO] (Minecraft) Player205 joined the game
[13:43:13] [Render thread/INFO] (Minecraft) Loaded 2 advancements
[13:43:19] [Server thread/INFO] (Minecraft) [Player205: Gave 1 [Beacon] to Player205]
[13:43:19] [Render thread/INFO] (Minecraft) [System] [CHAT] Gave 1 [Beacon] to Player205
[13:43:23] [Server thread/INFO] (Minecraft) [Player205: Gave 1 [Block of Iron] to Player205]
[13:43:23] [Render thread/INFO] (Minecraft) [System] [CHAT] Gave 1 [Block of Iron] to Player205
[13:43:23] [Render thread/INFO] (Minecraft) Loaded 4 advancements
[13:43:43] [Server thread/INFO] (Minecraft) Player205 has made the advancement [Bring Home the Beacon]
[13:43:43] [Render thread/INFO] (Minecraft) [System] [CHAT] Player205 has made the advancement [Bring Home the Beacon]
[13:43:43] [Render thread/INFO] (Minecraft) Loaded 10 advancements
[13:43:55] [Server thread/INFO] (Minecraft) Saving and pausing game...
[13:43:56] [Server thread/INFO] (Minecraft) Saving chunks for level 'ServerLevel[New World]'/minecraft:overworld
[13:43:56] [Server thread/INFO] (Minecraft) Saving chunks for level 'ServerLevel[New World]'/minecraft:the_end
[13:43:56] [Server thread/INFO] (Minecraft) Saving chunks for level 'ServerLevel[New World]'/minecraft:the_nether
[13:44:13] [Server thread/INFO] (Minecraft) Changing view distance to 32, from 12
[13:44:13] [Server thread/INFO] (Minecraft) Changing simulation distance to 32, from 12
[13:44:51] [Server thread/INFO] (Minecraft) Saving and pausing game...
[13:44:51] [Server thread/INFO] (Minecraft) Saving chunks for level 'ServerLevel[New World]'/minecraft:overworld
[13:44:51] [Server thread/INFO] (Minecraft) Saving chunks for level 'ServerLevel[New World]'/minecraft:the_end
[13:44:52] [Server thread/INFO] (Minecraft) Saving chunks for level 'ServerLevel[New World]'/minecraft:the_nether
[13:44:52] [Server thread/INFO] (Minecraft) Player205 lost connection: Disconnected
[13:44:52] [Server thread/INFO] (Minecraft) Player205 left the game
[13:44:52] [Server thread/INFO] (Minecraft) Stopping singleplayer server as player logged out
[13:44:52] [Server thread/INFO] (Minecraft) Stopping server
[13:44:52] [Server thread/INFO] (Minecraft) Saving players
[13:44:52] [Server thread/INFO] (Minecraft) Saving worlds
[13:44:55] [Server thread/INFO] (Minecraft) Saving chunks for level 'ServerLevel[New World]'/minecraft:overworld
[13:45:06] [Server thread/INFO] (Minecraft) Saving chunks for level 'ServerLevel[New World]'/minecraft:the_end
[13:45:06] [Server thread/INFO] (Minecraft) Saving chunks for level 'ServerLevel[New World]'/minecraft:the_nether
[13:45:06] [Server thread/INFO] (Minecraft) ThreadedAnvilChunkStorage (New World): All chunks are saved
[13:45:06] [Server thread/INFO] (Minecraft) ThreadedAnvilChunkStorage (DIM1): All chunks are saved
[13:45:06] [Server thread/INFO] (Minecraft) ThreadedAnvilChunkStorage (DIM-1): All chunks are saved
[13:45:06] [Server thread/INFO] (Minecraft) ThreadedAnvilChunkStorage: All dimensions are saved
[13:45:23] [Render thread/INFO] (Minecraft) Stopping!
